Apr 23, 2012 12:01:31 AM org.apache.coyote.AbstractProtocol pause
INFO: Pausing ProtocolHandler ["http-apr-8080"]
Apr 23, 2012 12:01:31 AM org.apache.coyote.AbstractProtocol pause
INFO: Pausing ProtocolHandler ["ajp-apr-8009"]
Apr 23, 2012 12:01:31 AM org.apache.catalina.core.StandardService stopInternal
INFO: Stopping service Catalina
Apr 23, 2012 12:01:33 AM org.apache.coyote.AbstractProtocol stop
INFO: Stopping ProtocolHandler ["http-apr-8080"]
Apr 23, 2012 12:01:34 AM org.apache.coyote.AbstractProtocol stop
INFO: Stopping ProtocolHandler ["ajp-apr-8009"]
Apr 23, 2012 12:01:35 AM org.apache.coyote.AbstractProtocol destroy
INFO: Destroying ProtocolHandler ["http-apr-8080"]
Apr 23, 2012 12:01:35 AM org.apache.coyote.AbstractProtocol destroy
INFO: Destroying ProtocolHandler ["ajp-apr-8009"]
Apr 23, 2012 12:01:48 AM org.apache.catalina.core.AprLifecycleListener init
INFO: Loaded APR based Apache Tomcat Native library 1.1.23.
Apr 23, 2012 12:01:49 AM org.apache.catalina.core.AprLifecycleListener init
INFO: APR capabilities: IPv6 [true], sendfile [true], accept filters [false], random [true].
Apr 23, 2012 12:01:54 AM org.apache.coyote.AbstractProtocol init
INFO: Initializing ProtocolHandler ["http-apr-8080"]
Apr 23, 2012 12:01:54 AM org.apache.coyote.AbstractProtocol init
INFO: Initializing ProtocolHandler ["ajp-apr-8009"]
Apr 23, 2012 12:01:54 AM org.apache.catalina.startup.Catalina load
INFO: Initialization processed in 6748 ms
Apr 23, 2012 12:01:55 AM org.apache.catalina.core.StandardService startInternal
INFO: Starting service Catalina
Apr 23, 2012 12:01:55 AM org.apache.catalina.core.StandardEngine startInternal
INFO: Starting Servlet Engine: Apache Tomcat/7.0.27
Apr 23, 2012 12:01:55 AM org.apache.catalina.startup.HostConfig deployDirectory
INFO: Deploying web application directory D:\project\tomcat\webapps\ROOT
Apr 23, 2012 12:01:57 AM org.apache.catalina.util.SessionIdGenerator createSecureRandom
INFO: Creation of SecureRandom instance for session ID generation using [SHA1PRNG] took [250] milliseconds.
Apr 23, 2012 12:01:57 AM org.apache.catalina.startup.HostConfig deployDirectory
INFO: Deploying web application directory D:\project\tomcat\webapps\manager
Apr 23, 2012 12:01:58 AM org.apache.catalina.startup.HostConfig deployDirectory
INFO: Deploying web application directory D:\project\tomcat\webapps\host-manager
Apr 23, 2012 12:01:59 AM org.apache.catalina.startup.HostConfig deployDirectory
INFO: Deploying web application directory D:\project\tomcat\webapps\examples
Apr 23, 2012 12:02:00 AM org.apache.catalina.startup.HostConfig deployDirectory
INFO: Deploying web application directory D:\project\tomcat\webapps\docs
Apr 23, 2012 12:02:01 AM org.apache.catalina.startup.HostConfig deployDirectory
INFO: Deploying web application directory D:\project\tomcat\webapps\weboo
Apr 23, 2012 12:02:03 AM org.apache.coyote.AbstractProtocol start
INFO: Starting ProtocolHandler ["http-apr-8080"]
Apr 23, 2012 12:02:03 AM org.apache.coyote.AbstractProtocol start
INFO: Starting ProtocolHandler ["ajp-apr-8009"]
Apr 23, 2012 12:02:03 AM org.apache.catalina.startup.Catalina start
INFO: Server startup in 8498 ms
Apr 23, 2012 12:02:47 AM org.hsqldb.persist.Logger logInfoEvent
INFO: Checkpoint start
Apr 23, 2012 12:02:47 AM org.hsqldb.persist.Logger logInfoEvent
INFO: checkpointClose start
Apr 23, 2012 12:02:47 AM org.hsqldb.persist.Logger logInfoEvent
INFO: checkpointClose end
Apr 23, 2012 12:02:47 AM org.hsqldb.persist.Logger logInfoEvent
INFO: Checkpoint end
Apr 23, 2012 12:04:01 AM org.apache.coyote.AbstractProtocol pause
INFO: Pausing ProtocolHandler ["http-apr-8080"]
Apr 23, 2012 12:04:01 AM org.apache.coyote.AbstractProtocol pause
INFO: Pausing ProtocolHandler ["ajp-apr-8009"]
Apr 23, 2012 12:04:01 AM org.apache.catalina.core.StandardService stopInternal
INFO: Stopping service Catalina
Apr 23, 2012 12:04:01 AM org.apache.catalina.loader.WebappClassLoader clearReferencesThreads
SEVERE: The web application [/weboo] appears to have started a thread named [HSQLDB Timer @171120a] but has failed to stop it. This is very likely to create a memory leak.
Apr 23, 2012 12:04:01 AM org.apache.coyote.AbstractProtocol stop
INFO: Stopping ProtocolHandler ["http-apr-8080"]
Apr 23, 2012 12:04:01 AM org.apache.coyote.AbstractProtocol stop
INFO: Stopping ProtocolHandler ["ajp-apr-8009"]
Apr 23, 2012 12:04:01 AM org.apache.coyote.AbstractProtocol destroy
INFO: Destroying ProtocolHandler ["http-apr-8080"]
Apr 23, 2012 12:04:01 AM org.apache.coyote.AbstractProtocol destroy
INFO: Destroying ProtocolHandler ["ajp-apr-8009"]
Apr 23, 2012 12:04:30 AM org.apache.catalina.core.AprLifecycleListener init
INFO: Loaded APR based Apache Tomcat Native library 1.1.23.
Apr 23, 2012 12:04:30 AM org.apache.catalina.core.AprLifecycleListener init
INFO: APR capabilities: IPv6 [true], sendfile [true], accept filters [false], random [true].
Apr 23, 2012 12:04:32 AM org.apache.coyote.AbstractProtocol init
INFO: Initializing ProtocolHandler ["http-apr-8080"]
Apr 23, 2012 12:04:32 AM org.apache.coyote.AbstractProtocol init
INFO: Initializing ProtocolHandler ["ajp-apr-8009"]
Apr 23, 2012 12:04:32 AM org.apache.catalina.startup.Catalina load
INFO: Initialization processed in 2462 ms
Apr 23, 2012 12:04:32 AM org.apache.catalina.core.StandardService startInternal
INFO: Starting service Catalina
Apr 23, 2012 12:04:32 AM org.apache.catalina.core.StandardEngine startInternal
INFO: Starting Servlet Engine: Apache Tomcat/7.0.27
Apr 23, 2012 12:04:32 AM org.apache.catalina.startup.HostConfig deployDirectory
INFO: Deploying web application directory D:\project\tomcat\webapps\ROOT
Apr 23, 2012 12:04:33 AM org.apache.catalina.startup.HostConfig deployDirectory
INFO: Deploying web application directory D:\project\tomcat\webapps\manager
Apr 23, 2012 12:04:34 AM org.apache.catalina.startup.HostConfig deployDirectory
INFO: Deploying web application directory D:\project\tomcat\webapps\host-manager
Apr 23, 2012 12:04:35 AM org.apache.catalina.startup.HostConfig deployDirectory
INFO: Deploying web application directory D:\project\tomcat\webapps\examples
Apr 23, 2012 12:04:36 AM org.apache.catalina.startup.HostConfig deployDirectory
INFO: Deploying web application directory D:\project\tomcat\webapps\docs
Apr 23, 2012 12:04:37 AM org.apache.catalina.startup.HostConfig deployDirectory
INFO: Deploying web application directory D:\project\tomcat\webapps\weboo
Apr 23, 2012 12:04:38 AM org.apache.coyote.AbstractProtocol start
INFO: Starting ProtocolHandler ["http-apr-8080"]
Apr 23, 2012 12:04:38 AM org.apache.coyote.AbstractProtocol start
INFO: Starting ProtocolHandler ["ajp-apr-8009"]
Apr 23, 2012 12:04:38 AM org.apache.catalina.startup.Catalina start
INFO: Server startup in 6237 ms
Apr 23, 2012 12:04:59 AM org.hsqldb.persist.Logger logInfoEvent
INFO: checkpointClose start
Apr 23, 2012 12:05:00 AM org.hsqldb.persist.Logger logInfoEvent
INFO: checkpointClose end
Apr 23, 2012 4:58:58 AM org.apache.catalina.util.SessionIdGenerator createSecureRandom
INFO: Creation of SecureRandom instance for session ID generation using [SHA1PRNG] took [328] milliseconds.
Apr 23, 2012 4:58:58 AM org.apache.catalina.util.SessionIdGenerator createSecureRandom
INFO: Creation of SecureRandom instance for session ID generation using [SHA1PRNG] took [328] milliseconds.
Apr 23, 2012 5:57:50 AM org.apache.coyote.AbstractProtocol pause
INFO: Pausing ProtocolHandler ["http-apr-8080"]
Apr 23, 2012 5:57:51 AM org.apache.coyote.AbstractProtocol pause
INFO: Pausing ProtocolHandler ["ajp-apr-8009"]
Apr 23, 2012 5:57:51 AM org.apache.catalina.core.StandardService stopInternal
INFO: Stopping service Catalina
Apr 23, 2012 5:57:59 AM org.apache.catalina.loader.WebappClassLoader clearReferencesThreads
SEVERE: The web application [/weboo] appears to have started a thread named [HSQLDB Timer @1a9883d] but has failed to stop it. This is very likely to create a memory leak.
Apr 23, 2012 5:57:59 AM org.apache.coyote.AbstractProtocol stop
INFO: Stopping ProtocolHandler ["http-apr-8080"]
Apr 23, 2012 5:58:00 AM org.apache.coyote.AbstractProtocol stop
INFO: Stopping ProtocolHandler ["ajp-apr-8009"]
Apr 23, 2012 5:58:02 AM org.apache.coyote.AbstractProtocol destroy
INFO: Destroying ProtocolHandler ["http-apr-8080"]
Apr 23, 2012 5:58:02 AM org.apache.coyote.AbstractProtocol destroy
INFO: Destroying ProtocolHandler ["ajp-apr-8009"]
Apr 23, 2012 10:35:25 AM org.apache.catalina.core.AprLifecycleListener init
INFO: Loaded APR based Apache Tomcat Native library 1.1.23.
Apr 23, 2012 10:35:25 AM org.apache.catalina.core.AprLifecycleListener init
INFO: APR capabilities: IPv6 [true], sendfile [true], accept filters [false], random [true].
Apr 23, 2012 10:35:28 AM org.apache.coyote.AbstractProtocol init
INFO: Initializing ProtocolHandler ["http-apr-8080"]
Apr 23, 2012 10:35:28 AM org.apache.coyote.AbstractProtocol init
INFO: Initializing ProtocolHandler ["ajp-apr-8009"]
Apr 23, 2012 10:35:28 AM org.apache.catalina.startup.Catalina load
INFO: Initialization processed in 3983 ms
Apr 23, 2012 10:35:28 AM org.apache.catalina.core.StandardService startInternal
INFO: Starting service Catalina
Apr 23, 2012 10:35:28 AM org.apache.catalina.core.StandardEngine startInternal
INFO: Starting Servlet Engine: Apache Tomcat/7.0.27
Apr 23, 2012 10:35:28 AM org.apache.catalina.startup.HostConfig deployDirectory
INFO: Deploying web application directory C:\Documents and Settings\Rajesh Basrur\Desktop\final project\tomcat\webapps\docs
Apr 23, 2012 10:35:30 AM org.apache.catalina.startup.HostConfig deployDirectory
INFO: Deploying web application directory C:\Documents and Settings\Rajesh Basrur\Desktop\final project\tomcat\webapps\examples
Apr 23, 2012 10:35:31 AM org.apache.catalina.startup.HostConfig deployDirectory
INFO: Deploying web application directory C:\Documents and Settings\Rajesh Basrur\Desktop\final project\tomcat\webapps\host-manager
Apr 23, 2012 10:35:31 AM org.apache.catalina.startup.HostConfig deployDirectory
INFO: Deploying web application directory C:\Documents and Settings\Rajesh Basrur\Desktop\final project\tomcat\webapps\manager
Apr 23, 2012 10:35:31 AM org.apache.catalina.startup.HostConfig deployDirectory
INFO: Deploying web application directory C:\Documents and Settings\Rajesh Basrur\Desktop\final project\tomcat\webapps\ROOT
Apr 23, 2012 10:35:31 AM org.apache.catalina.startup.HostConfig deployDirectory
INFO: Deploying web application directory C:\Documents and Settings\Rajesh Basrur\Desktop\final project\tomcat\webapps\weboo
Apr 23, 2012 10:35:33 AM org.apache.coyote.AbstractProtocol start
INFO: Starting ProtocolHandler ["http-apr-8080"]
Apr 23, 2012 10:35:33 AM org.apache.coyote.AbstractProtocol start
INFO: Starting ProtocolHandler ["ajp-apr-8009"]
Apr 23, 2012 10:35:33 AM org.apache.catalina.startup.Catalina start
INFO: Server startup in 4679 ms
Apr 23, 2012 10:38:32 AM org.hsqldb.persist.Logger logInfoEvent
INFO: checkpointClose start
Apr 23, 2012 10:38:33 AM org.hsqldb.persist.Logger logInfoEvent
INFO: checkpointClose end
Apr 23, 2012 11:10:18 AM org.apache.coyote.AbstractProtocol pause
INFO: Pausing ProtocolHandler ["http-apr-8080"]
Apr 23, 2012 11:10:18 AM org.apache.coyote.AbstractProtocol pause
INFO: Pausing ProtocolHandler ["ajp-apr-8009"]
Apr 23, 2012 11:10:18 AM org.apache.catalina.core.StandardService stopInternal
INFO: Stopping service Catalina
Apr 23, 2012 11:10:18 AM org.apache.catalina.loader.WebappClassLoader clearReferencesThreads
SEVERE: The web application [/weboo] appears to have started a thread named [HSQLDB Timer @129df8a] but has failed to stop it. This is very likely to create a memory leak.
Apr 23, 2012 11:10:18 AM org.apache.coyote.AbstractProtocol stop
INFO: Stopping ProtocolHandler ["http-apr-8080"]
Apr 23, 2012 11:10:18 AM org.apache.coyote.AbstractProtocol stop
INFO: Stopping ProtocolHandler ["ajp-apr-8009"]
Apr 23, 2012 11:10:18 AM org.apache.coyote.AbstractProtocol destroy
INFO: Destroying ProtocolHandler ["http-apr-8080"]
Apr 23, 2012 11:10:18 AM org.apache.coyote.AbstractProtocol destroy
INFO: Destroying ProtocolHandler ["ajp-apr-8009"]
