Jun 15, 2012 9:20:07 AM org.apache.catalina.core.AprLifecycleListener init
INFO: Loaded APR based Apache Tomcat Native library 1.1.23.
Jun 15, 2012 9:20:07 AM org.apache.catalina.core.AprLifecycleListener init
INFO: APR capabilities: IPv6 [true], sendfile [true], accept filters [false], random [true].
Jun 15, 2012 9:20:10 AM org.apache.coyote.AbstractProtocol init
INFO: Initializing ProtocolHandler ["http-apr-8080"]
Jun 15, 2012 9:20:10 AM org.apache.coyote.AbstractProtocol init
INFO: Initializing ProtocolHandler ["ajp-apr-8009"]
Jun 15, 2012 9:20:10 AM org.apache.catalina.startup.Catalina load
INFO: Initialization processed in 3754 ms
Jun 15, 2012 9:20:10 AM org.apache.catalina.core.StandardService startInternal
INFO: Starting service Catalina
Jun 15, 2012 9:20:10 AM org.apache.catalina.core.StandardEngine startInternal
INFO: Starting Servlet Engine: Apache Tomcat/7.0.27
Jun 15, 2012 9:20:10 AM org.apache.catalina.startup.HostConfig deployDirectory
INFO: Deploying web application directory C:\Documents and Settings\Rajesh Basrur\Desktop\final project\tomcat\webapps\docs
Jun 15, 2012 9:20:11 AM org.apache.catalina.startup.HostConfig deployDirectory
INFO: Deploying web application directory C:\Documents and Settings\Rajesh Basrur\Desktop\final project\tomcat\webapps\examples
Jun 15, 2012 9:20:11 AM org.apache.catalina.startup.HostConfig deployDirectory
INFO: Deploying web application directory C:\Documents and Settings\Rajesh Basrur\Desktop\final project\tomcat\webapps\host-manager
Jun 15, 2012 9:20:12 AM org.apache.catalina.startup.HostConfig deployDirectory
INFO: Deploying web application directory C:\Documents and Settings\Rajesh Basrur\Desktop\final project\tomcat\webapps\manager
Jun 15, 2012 9:20:12 AM org.apache.catalina.startup.HostConfig deployDirectory
INFO: Deploying web application directory C:\Documents and Settings\Rajesh Basrur\Desktop\final project\tomcat\webapps\ROOT
Jun 15, 2012 9:20:12 AM org.apache.catalina.startup.HostConfig deployDirectory
INFO: Deploying web application directory C:\Documents and Settings\Rajesh Basrur\Desktop\final project\tomcat\webapps\weboo
Jun 15, 2012 9:20:14 AM org.apache.coyote.AbstractProtocol start
INFO: Starting ProtocolHandler ["http-apr-8080"]
Jun 15, 2012 9:20:14 AM org.apache.coyote.AbstractProtocol start
INFO: Starting ProtocolHandler ["ajp-apr-8009"]
Jun 15, 2012 9:20:14 AM org.apache.catalina.startup.Catalina start
INFO: Server startup in 4585 ms
Jun 15, 2012 9:43:19 AM org.apache.coyote.AbstractProtocol pause
INFO: Pausing ProtocolHandler ["http-apr-8080"]
Jun 15, 2012 9:43:19 AM org.apache.coyote.AbstractProtocol pause
INFO: Pausing ProtocolHandler ["ajp-apr-8009"]
Jun 15, 2012 9:43:19 AM org.apache.catalina.core.StandardService stopInternal
INFO: Stopping service Catalina
Jun 15, 2012 9:43:19 AM org.apache.catalina.loader.WebappClassLoader clearReferencesJdbc
SEVERE: The web application [/weboo] registered the JDBC driver [org.hsqldb.jdbc.JDBCDriver] but failed to unregister it when the web application was stopped. To prevent a memory leak, the JDBC Driver has been forcibly unregistered.
Jun 15, 2012 9:43:19 AM org.apache.coyote.AbstractProtocol stop
INFO: Stopping ProtocolHandler ["http-apr-8080"]
Jun 15, 2012 9:43:20 AM org.apache.coyote.AbstractProtocol stop
INFO: Stopping ProtocolHandler ["ajp-apr-8009"]
Jun 15, 2012 9:43:20 AM org.apache.coyote.AbstractProtocol destroy
INFO: Destroying ProtocolHandler ["http-apr-8080"]
Jun 15, 2012 9:43:20 AM org.apache.coyote.AbstractProtocol destroy
INFO: Destroying ProtocolHandler ["ajp-apr-8009"]
Jun 15, 2012 9:44:52 AM org.apache.catalina.core.AprLifecycleListener init
INFO: Loaded APR based Apache Tomcat Native library 1.1.23.
Jun 15, 2012 9:44:52 AM org.apache.catalina.core.AprLifecycleListener init
INFO: APR capabilities: IPv6 [true], sendfile [true], accept filters [false], random [true].
Jun 15, 2012 9:44:53 AM org.apache.coyote.AbstractProtocol init
INFO: Initializing ProtocolHandler ["http-apr-8080"]
Jun 15, 2012 9:44:53 AM org.apache.coyote.AbstractProtocol init
INFO: Initializing ProtocolHandler ["ajp-apr-8009"]
Jun 15, 2012 9:44:53 AM org.apache.catalina.startup.Catalina load
INFO: Initialization processed in 907 ms
Jun 15, 2012 9:44:53 AM org.apache.catalina.core.StandardService startInternal
INFO: Starting service Catalina
Jun 15, 2012 9:44:53 AM org.apache.catalina.core.StandardEngine startInternal
INFO: Starting Servlet Engine: Apache Tomcat/7.0.27
Jun 15, 2012 9:44:53 AM org.apache.catalina.startup.HostConfig deployDirectory
INFO: Deploying web application directory C:\Documents and Settings\Rajesh Basrur\Desktop\final project\tomcat\webapps\docs
Jun 15, 2012 9:44:53 AM org.apache.catalina.startup.HostConfig deployDirectory
INFO: Deploying web application directory C:\Documents and Settings\Rajesh Basrur\Desktop\final project\tomcat\webapps\examples
Jun 15, 2012 9:44:53 AM org.apache.catalina.startup.HostConfig deployDirectory
INFO: Deploying web application directory C:\Documents and Settings\Rajesh Basrur\Desktop\final project\tomcat\webapps\host-manager
Jun 15, 2012 9:44:53 AM org.apache.catalina.startup.HostConfig deployDirectory
INFO: Deploying web application directory C:\Documents and Settings\Rajesh Basrur\Desktop\final project\tomcat\webapps\manager
Jun 15, 2012 9:44:53 AM org.apache.catalina.startup.HostConfig deployDirectory
INFO: Deploying web application directory C:\Documents and Settings\Rajesh Basrur\Desktop\final project\tomcat\webapps\ROOT
Jun 15, 2012 9:44:53 AM org.apache.catalina.startup.HostConfig deployDirectory
INFO: Deploying web application directory C:\Documents and Settings\Rajesh Basrur\Desktop\final project\tomcat\webapps\weboo
Jun 15, 2012 9:44:53 AM org.apache.coyote.AbstractProtocol start
INFO: Starting ProtocolHandler ["http-apr-8080"]
Jun 15, 2012 9:44:54 AM org.apache.coyote.AbstractProtocol start
INFO: Starting ProtocolHandler ["ajp-apr-8009"]
Jun 15, 2012 9:44:54 AM org.apache.catalina.startup.Catalina start
INFO: Server startup in 915 ms
Jun 15, 2012 10:23:59 AM org.apache.coyote.AbstractProtocol pause
INFO: Pausing ProtocolHandler ["http-apr-8080"]
Jun 15, 2012 10:23:59 AM org.apache.coyote.AbstractProtocol pause
INFO: Pausing ProtocolHandler ["ajp-apr-8009"]
Jun 15, 2012 10:23:59 AM org.apache.catalina.core.StandardService stopInternal
INFO: Stopping service Catalina
Jun 15, 2012 10:24:00 AM org.apache.catalina.loader.WebappClassLoader clearReferencesJdbc
SEVERE: The web application [/weboo] registered the JDBC driver [org.hsqldb.jdbc.JDBCDriver] but failed to unregister it when the web application was stopped. To prevent a memory leak, the JDBC Driver has been forcibly unregistered.
Jun 15, 2012 10:24:00 AM org.apache.coyote.AbstractProtocol stop
INFO: Stopping ProtocolHandler ["http-apr-8080"]
Jun 15, 2012 10:24:00 AM org.apache.coyote.AbstractProtocol stop
INFO: Stopping ProtocolHandler ["ajp-apr-8009"]
Jun 15, 2012 10:24:00 AM org.apache.coyote.AbstractProtocol destroy
INFO: Destroying ProtocolHandler ["http-apr-8080"]
Jun 15, 2012 10:24:00 AM org.apache.coyote.AbstractProtocol destroy
INFO: Destroying ProtocolHandler ["ajp-apr-8009"]
Jun 15, 2012 2:19:19 PM org.apache.catalina.core.AprLifecycleListener init
INFO: Loaded APR based Apache Tomcat Native library 1.1.23.
Jun 15, 2012 2:19:20 PM org.apache.catalina.core.AprLifecycleListener init
INFO: APR capabilities: IPv6 [true], sendfile [true], accept filters [false], random [true].
Jun 15, 2012 2:19:22 PM org.apache.coyote.AbstractProtocol init
INFO: Initializing ProtocolHandler ["http-apr-8080"]
Jun 15, 2012 2:19:22 PM org.apache.coyote.AbstractProtocol init
INFO: Initializing ProtocolHandler ["ajp-apr-8009"]
Jun 15, 2012 2:19:22 PM org.apache.catalina.startup.Catalina load
INFO: Initialization processed in 3507 ms
Jun 15, 2012 2:19:22 PM org.apache.catalina.core.StandardService startInternal
INFO: Starting service Catalina
Jun 15, 2012 2:19:22 PM org.apache.catalina.core.StandardEngine startInternal
INFO: Starting Servlet Engine: Apache Tomcat/7.0.27
Jun 15, 2012 2:19:22 PM org.apache.catalina.startup.HostConfig deployDirectory
INFO: Deploying web application directory C:\Documents and Settings\Rajesh Basrur\Desktop\final project\tomcat\webapps\docs
Jun 15, 2012 2:19:23 PM org.apache.catalina.util.SessionIdGenerator createSecureRandom
INFO: Creation of SecureRandom instance for session ID generation using [SHA1PRNG] took [156] milliseconds.
Jun 15, 2012 2:19:23 PM org.apache.catalina.startup.HostConfig deployDirectory
INFO: Deploying web application directory C:\Documents and Settings\Rajesh Basrur\Desktop\final project\tomcat\webapps\examples
Jun 15, 2012 2:19:24 PM org.apache.catalina.startup.HostConfig deployDirectory
INFO: Deploying web application directory C:\Documents and Settings\Rajesh Basrur\Desktop\final project\tomcat\webapps\host-manager
Jun 15, 2012 2:19:24 PM org.apache.catalina.startup.HostConfig deployDirectory
INFO: Deploying web application directory C:\Documents and Settings\Rajesh Basrur\Desktop\final project\tomcat\webapps\manager
Jun 15, 2012 2:19:24 PM org.apache.catalina.startup.HostConfig deployDirectory
INFO: Deploying web application directory C:\Documents and Settings\Rajesh Basrur\Desktop\final project\tomcat\webapps\ROOT
Jun 15, 2012 2:19:24 PM org.apache.catalina.startup.HostConfig deployDirectory
INFO: Deploying web application directory C:\Documents and Settings\Rajesh Basrur\Desktop\final project\tomcat\webapps\weboo
Jun 15, 2012 2:19:26 PM org.apache.coyote.AbstractProtocol start
INFO: Starting ProtocolHandler ["http-apr-8080"]
Jun 15, 2012 2:19:26 PM org.apache.coyote.AbstractProtocol start
INFO: Starting ProtocolHandler ["ajp-apr-8009"]
Jun 15, 2012 2:19:26 PM org.apache.catalina.startup.Catalina start
INFO: Server startup in 3599 ms
Jun 15, 2012 2:19:57 PM com.restfb.DefaultWebRequestor executeGet
INFO: Making a GET request to https://api-read.facebook.com/method/fql.query?query=select+uid+from+user+where+uid%3Dme%28%29&access_token=AAAFmZCvEqZBiABAPlaWg3gxCmfSMnSJlbDoZAvEFWJDjmGBt92zKr6cmVRHkSHATnZAZB6GZA40x6hcPBgDHsZBkWopMDypLoZBAZAZC0KTQSKgQZDZD&format=json
Jun 15, 2012 2:20:00 PM com.restfb.DefaultFacebookClient makeRequestAndProcessResponse
INFO: Facebook responded with HTTP status code 200 and response body: [{"uid":100003052081772}]
Jun 15, 2012 2:20:04 PM com.restfb.DefaultWebRequestor executeGet
INFO: Making a GET request to https://api-read.facebook.com/method/fql.query?query=select+uid+from+user+where+uid%3Dme%28%29&access_token=AAAFmZCvEqZBiABAPlaWg3gxCmfSMnSJlbDoZAvEFWJDjmGBt92zKr6cmVRHkSHATnZAZB6GZA40x6hcPBgDHsZBkWopMDypLoZBAZAZC0KTQSKgQZDZD&format=json
Jun 15, 2012 2:20:04 PM com.restfb.DefaultFacebookClient makeRequestAndProcessResponse
INFO: Facebook responded with HTTP status code 200 and response body: [{"uid":100003052081772}]
Jun 15, 2012 2:25:26 PM org.apache.coyote.AbstractProtocol pause
INFO: Pausing ProtocolHandler ["http-apr-8080"]
Jun 15, 2012 2:25:26 PM org.apache.coyote.AbstractProtocol pause
INFO: Pausing ProtocolHandler ["ajp-apr-8009"]
Jun 15, 2012 2:25:26 PM org.apache.catalina.core.StandardService stopInternal
INFO: Stopping service Catalina
Jun 15, 2012 2:25:27 PM org.apache.catalina.loader.WebappClassLoader clearReferencesJdbc
SEVERE: The web application [/weboo] registered the JDBC driver [org.hsqldb.jdbc.JDBCDriver] but failed to unregister it when the web application was stopped. To prevent a memory leak, the JDBC Driver has been forcibly unregistered.
Jun 15, 2012 2:25:27 PM org.apache.coyote.AbstractProtocol stop
INFO: Stopping ProtocolHandler ["http-apr-8080"]
Jun 15, 2012 2:25:27 PM org.apache.coyote.AbstractProtocol stop
INFO: Stopping ProtocolHandler ["ajp-apr-8009"]
Jun 15, 2012 2:25:28 PM org.apache.coyote.AbstractProtocol destroy
INFO: Destroying ProtocolHandler ["http-apr-8080"]
Jun 15, 2012 2:25:28 PM org.apache.coyote.AbstractProtocol destroy
INFO: Destroying ProtocolHandler ["ajp-apr-8009"]
