Jun 24, 2012 9:32:49 PM org.apache.catalina.core.AprLifecycleListener init
INFO: Loaded APR based Apache Tomcat Native library 1.1.23.
Jun 24, 2012 9:32:51 PM org.apache.catalina.core.AprLifecycleListener init
INFO: APR capabilities: IPv6 [true], sendfile [true], accept filters [false], random [true].
Jun 24, 2012 9:32:59 PM org.apache.coyote.AbstractProtocol init
INFO: Initializing ProtocolHandler ["http-apr-8080"]
Jun 24, 2012 9:32:59 PM org.apache.coyote.AbstractProtocol init
INFO: Initializing ProtocolHandler ["ajp-apr-8009"]
Jun 24, 2012 9:32:59 PM org.apache.catalina.startup.Catalina load
INFO: Initialization processed in 14679 ms
Jun 24, 2012 9:32:59 PM org.apache.catalina.core.StandardService startInternal
INFO: Starting service Catalina
Jun 24, 2012 9:32:59 PM org.apache.catalina.core.StandardEngine startInternal
INFO: Starting Servlet Engine: Apache Tomcat/7.0.27
Jun 24, 2012 9:33:00 PM org.apache.catalina.startup.HostConfig deployDirectory
INFO: Deploying web application directory G:\final project\tomcat\webapps\docs
Jun 24, 2012 9:33:03 PM org.apache.catalina.util.SessionIdGenerator createSecureRandom
INFO: Creation of SecureRandom instance for session ID generation using [SHA1PRNG] took [380] milliseconds.
Jun 24, 2012 9:33:03 PM org.apache.catalina.startup.HostConfig deployDirectory
INFO: Deploying web application directory G:\final project\tomcat\webapps\weboo
Jun 24, 2012 9:33:09 PM org.apache.catalina.startup.HostConfig deployDirectory
INFO: Deploying web application directory G:\final project\tomcat\webapps\examples
Jun 24, 2012 9:33:13 PM org.apache.catalina.startup.HostConfig deployDirectory
INFO: Deploying web application directory G:\final project\tomcat\webapps\host-manager
Jun 24, 2012 9:33:17 PM org.apache.catalina.startup.HostConfig deployDirectory
INFO: Deploying web application directory G:\final project\tomcat\webapps\manager
Jun 24, 2012 9:33:17 PM org.apache.catalina.startup.HostConfig deployDirectory
INFO: Deploying web application directory G:\final project\tomcat\webapps\ROOT
Jun 24, 2012 9:33:18 PM org.apache.coyote.AbstractProtocol start
INFO: Starting ProtocolHandler ["http-apr-8080"]
Jun 24, 2012 9:33:18 PM org.apache.coyote.AbstractProtocol start
INFO: Starting ProtocolHandler ["ajp-apr-8009"]
Jun 24, 2012 9:33:18 PM org.apache.catalina.startup.Catalina start
INFO: Server startup in 19061 ms
Jun 24, 2012 9:48:26 PM com.restfb.DefaultWebRequestor executeGet
INFO: Making a GET request to https://api-read.facebook.com/method/fql.query?query=select+uid+from+user+where+uid%3Dme%28%29&access_token=AAAFmZCvEqZBiABAPlaWg3gxCmfSMnSJlbDoZAvEFWJDjmGBt92zKr6cmVRHkSHATnZAZB6GZA40x6hcPBgDHsZBkWopMDypLoZBAZAZC0KTQSKgQZDZD&format=json
Jun 24, 2012 9:48:36 PM com.restfb.DefaultFacebookClient makeRequestAndProcessResponse
INFO: Facebook responded with HTTP status code 200 and response body: [{"uid":100003052081772}]
Jun 24, 2012 9:48:44 PM com.restfb.DefaultWebRequestor executeGet
INFO: Making a GET request to https://api-read.facebook.com/method/fql.query?query=select+uid+from+user+where+uid%3Dme%28%29&access_token=AAAFmZCvEqZBiABAPlaWg3gxCmfSMnSJlbDoZAvEFWJDjmGBt92zKr6cmVRHkSHATnZAZB6GZA40x6hcPBgDHsZBkWopMDypLoZBAZAZC0KTQSKgQZDZD&format=json
Jun 24, 2012 9:48:48 PM com.restfb.DefaultFacebookClient makeRequestAndProcessResponse
INFO: Facebook responded with HTTP status code 200 and response body: [{"uid":100003052081772}]
Jun 24, 2012 9:49:50 PM org.apache.coyote.AbstractProtocol pause
INFO: Pausing ProtocolHandler ["http-apr-8080"]
Jun 24, 2012 9:49:51 PM org.apache.coyote.AbstractProtocol pause
INFO: Pausing ProtocolHandler ["ajp-apr-8009"]
Jun 24, 2012 9:49:51 PM org.apache.catalina.core.StandardService stopInternal
INFO: Stopping service Catalina
Jun 24, 2012 9:49:54 PM org.apache.catalina.loader.WebappClassLoader clearReferencesJdbc
SEVERE: The web application [/weboo] registered the JDBC driver [org.hsqldb.jdbc.JDBCDriver] but failed to unregister it when the web application was stopped. To prevent a memory leak, the JDBC Driver has been forcibly unregistered.
Jun 24, 2012 9:49:55 PM org.apache.coyote.AbstractProtocol stop
INFO: Stopping ProtocolHandler ["http-apr-8080"]
Jun 24, 2012 9:49:55 PM org.apache.coyote.AbstractProtocol stop
INFO: Stopping ProtocolHandler ["ajp-apr-8009"]
Jun 24, 2012 9:49:56 PM org.apache.coyote.AbstractProtocol destroy
INFO: Destroying ProtocolHandler ["http-apr-8080"]
Jun 24, 2012 9:49:56 PM org.apache.coyote.AbstractProtocol destroy
INFO: Destroying ProtocolHandler ["ajp-apr-8009"]
